<?xml version="1.0" encoding="UTF-8"?>
<testsuite xmlns:xsi="http://www.w3.org/2001/XMLSchema-instance" xsi:noNamespaceSchemaLocation="https://maven.apache.org/surefire/maven-surefire-plugin/xsd/surefire-test-report.xsd" version="3.0.2" name="com.moviecat.integration.MovieControllerIntegrationTest" time="0.004" tests="8" errors="0" skipped="0" failures="0">
  <properties>
[...]
</properties>
  <testcase name="shouldUpdatePriority" classname="com.moviecat.integration.MovieControllerIntegrationTest" time="-0.389">
    <system-out><![CDATA[2025-11-10T15:37:00.502+01:00  INFO 1860920 --- [movie-catalog] [           main] t.c.s.AnnotationConfigContextLoaderUtils : Could not detect default configuration classes for test class [com.moviecat.integration.MovieControllerIntegrationTest]: MovieControllerIntegrationTest does not declare any static, non-private, non-final, nested classes annotated with @Configuration.
2025-11-10T15:37:00.511+01:00  INFO 1860920 --- [movie-catalog] [           main] .b.t.c.SpringBootTestContextBootstrapper : Found @SpringBootConfiguration com.moviecat.MovieCatalogApplication for test class com.moviecat.integration.MovieControllerIntegrationTest
2025-11-10T15:37:10.798+01:00  INFO 1860920 --- [movie-catalog] [o-auto-1-exec-4] com.moviecat.service.MovieService        : Adding new movie: Priority Movie
2025-11-10T15:37:10.804+01:00  INFO 1860920 --- [movie-catalog] [o-auto-1-exec-4] com.moviecat.service.MovieService        : Movie added successfully with id: 6911f896cfeab7de3418acc7
2025-11-10T15:37:10.828+01:00  INFO 1860920 --- [movie-catalog] [o-auto-1-exec-5] com.moviecat.service.MovieService        : Updating priority for movie 6911f896cfeab7de3418acc7: 10
2025-11-10T15:37:00.094+01:00  INFO 1860920 --- [movie-catalog] [o-auto-1-exec-5] com.moviecat.service.MovieService        : Priority updated successfully for movie: 6911f896cfeab7de3418acc7
2025-11-10T15:37:00.103+01:00  INFO 1860920 --- [movie-catalog] [o-auto-1-exec-6] com.moviecat.service.MovieService        : Getting movie by id: 6911f896cfeab7de3418acc7
]]></system-out>
  </testcase>
  <testcase name="shouldUpdateWatchStatus" classname="com.moviecat.integration.MovieControllerIntegrationTest" time="0.052">
    <system-out><![CDATA[2025-11-10T15:37:00.137+01:00  INFO 1860920 --- [movie-catalog] [o-auto-1-exec-7] com.moviecat.service.MovieService        : Adding new movie: Watched Movie
2025-11-10T15:37:00.143+01:00  INFO 1860920 --- [movie-catalog] [o-auto-1-exec-7] com.moviecat.service.MovieService        : Movie added successfully with id: 6911f88ccfeab7de3418acc8
2025-11-10T15:37:00.161+01:00  INFO 1860920 --- [movie-catalog] [o-auto-1-exec-8] com.moviecat.service.MovieService        : Updating watch status for movie 6911f88ccfeab7de3418acc8: WATCHED
2025-11-10T15:37:00.167+01:00  INFO 1860920 --- [movie-catalog] [o-auto-1-exec-8] com.moviecat.service.MovieService        : Watch status updated successfully for movie: 6911f88ccfeab7de3418acc8
2025-11-10T15:37:00.172+01:00  INFO 1860920 --- [movie-catalog] [o-auto-1-exec-9] com.moviecat.service.MovieService        : Getting movie by id: 6911f88ccfeab7de3418acc8
]]></system-out>
  </testcase>
  <testcase name="shouldGetMovieById" classname="com.moviecat.integration.MovieControllerIntegrationTest" time="0.026">
    <system-out><![CDATA[2025-11-10T15:37:00.189+01:00  INFO 1860920 --- [movie-catalog] [-auto-1-exec-10] com.moviecat.service.MovieService        : Adding new movie: The Matrix
2025-11-10T15:37:00.194+01:00  INFO 1860920 --- [movie-catalog] [-auto-1-exec-10] com.moviecat.service.MovieService        : Movie added successfully with id: 6911f88ccfeab7de3418acc9
2025-11-10T15:37:00.201+01:00  INFO 1860920 --- [movie-catalog] [o-auto-1-exec-1] com.moviecat.service.MovieService        : Getting movie by id: 6911f88ccfeab7de3418acc9
]]></system-out>
  </testcase>
  <testcase name="shouldDeleteMovie" classname="com.moviecat.integration.MovieControllerIntegrationTest" time="0.141">
    <system-out><![CDATA[2025-11-10T15:37:00.216+01:00  INFO 1860920 --- [movie-catalog] [o-auto-1-exec-2] com.moviecat.service.MovieService        : Adding new movie: To Be Deleted
2025-11-10T15:37:00.221+01:00  INFO 1860920 --- [movie-catalog] [o-auto-1-exec-2] com.moviecat.service.MovieService        : Movie added successfully with id: 6911f88ccfeab7de3418acca
2025-11-10T15:37:00.227+01:00  INFO 1860920 --- [movie-catalog] [o-auto-1-exec-3] com.moviecat.service.MovieService        : Deleting movie: 6911f88ccfeab7de3418acca
2025-11-10T15:37:00.254+01:00  INFO 1860920 --- [movie-catalog] [o-auto-1-exec-3] com.moviecat.service.MovieService        : Movie deleted successfully: 6911f88ccfeab7de3418acca
2025-11-10T15:37:00.259+01:00  INFO 1860920 --- [movie-catalog] [o-auto-1-exec-4] com.moviecat.service.MovieService        : Getting movie by id: 6911f88ccfeab7de3418acca
2025-11-10T15:37:00.264+01:00 ERROR 1860920 --- [movie-catalog] [o-auto-1-exec-4] o.a.c.c.C.[.[.[/].[dispatcherServlet]    : Servlet.service() for servlet [dispatcherServlet] in context with path [] threw exception [Request processing failed: java.lang.RuntimeException: Movie not found with id: 6911f88ccfeab7de3418acca] with root cause

java.lang.RuntimeException: Movie not found with id: 6911f88ccfeab7de3418acca
	at com.moviecat.service.MovieService.lambda$0(MovieService.java:73) ~[classes/:na]
	at java.base/java.util.Optional.orElseThrow(Optional.java:403) ~[na:na]
	at com.moviecat.service.MovieService.getMovieById(MovieService.java:73) ~[classes/:na]
	at com.moviecat.controller.MovieController.getMovie(MovieController.java:37) ~[classes/:na]
	at java.base/jdk.internal.reflect.DirectMethodHandleAccessor.invoke(DirectMethodHandleAccessor.java:104) ~[na:na]
	at java.base/java.lang.reflect.Method.invoke(Method.java:565) ~[na:na]
	at org.springframework.web.method.support.InvocableHandlerMethod.doInvoke(InvocableHandlerMethod.java:258) ~[spring-web-6.2.12.jar:6.2.12]
	at org.springframework.web.method.support.InvocableHandlerMethod.invokeForRequest(InvocableHandlerMethod.java:191) ~[spring-web-6.2.12.jar:6.2.12]
	at org.springframework.web.servlet.mvc.method.annotation.ServletInvocableHandlerMethod.invokeAndHandle(ServletInvocableHandlerMethod.java:118) ~[spring-webmvc-6.2.12.jar:6.2.12]
	at org.springframework.web.servlet.mvc.method.annotation.RequestMappingHandlerAdapter.invokeHandlerMethod(RequestMappingHandlerAdapter.java:991) ~[spring-webmvc-6.2.12.jar:6.2.12]
	at org.springframework.web.servlet.mvc.method.annotation.RequestMappingHandlerAdapter.handleInternal(RequestMappingHandlerAdapter.java:896) ~[spring-webmvc-6.2.12.jar:6.2.12]
	at org.springframework.web.servlet.mvc.method.AbstractHandlerMethodAdapter.handle(AbstractHandlerMethodAdapter.java:87) ~[spring-webmvc-6.2.12.jar:6.2.12]
	at org.springframework.web.servlet.DispatcherServlet.doDispatch(DispatcherServlet.java:1089) ~[spring-webmvc-6.2.12.jar:6.2.12]
	at org.springframework.web.servlet.DispatcherServlet.doService(DispatcherServlet.java:979) ~[spring-webmvc-6.2.12.jar:6.2.12]
	at org.springframework.web.servlet.FrameworkServlet.processRequest(FrameworkServlet.java:1014) ~[spring-webmvc-6.2.12.jar:6.2.12]
	at org.springframework.web.servlet.FrameworkServlet.doGet(FrameworkServlet.java:903) ~[spring-webmvc-6.2.12.jar:6.2.12]
	at jakarta.servlet.http.HttpServlet.service(HttpServlet.java:564) ~[tomcat-embed-core-10.1.48.jar:6.0]
	at org.springframework.web.servlet.FrameworkServlet.service(FrameworkServlet.java:885) ~[spring-webmvc-6.2.12.jar:6.2.12]
	at jakarta.servlet.http.HttpServlet.service(HttpServlet.java:658) ~[tomcat-embed-core-10.1.48.jar:6.0]
	at org.apache.catalina.core.ApplicationFilterChain.internalDoFilter(ApplicationFilterChain.java:193) ~[tomcat-embed-core-10.1.48.jar:10.1.48]
	at org.apache.catalina.core.ApplicationFilterChain.doFilter(ApplicationFilterChain.java:138) ~[tomcat-embed-core-10.1.48.jar:10.1.48]
	at org.apache.tomcat.websocket.server.WsFilter.doFilter(WsFilter.java:51) ~[tomcat-embed-websocket-10.1.48.jar:10.1.48]
	at org.apache.catalina.core.ApplicationFilterChain.internalDoFilter(ApplicationFilterChain.java:162) ~[tomcat-embed-core-10.1.48.jar:10.1.48]
	at org.apache.catalina.core.ApplicationFilterChain.doFilter(ApplicationFilterChain.java:138) ~[tomcat-embed-core-10.1.48.jar:10.1.48]
	at org.springframework.web.filter.RequestContextFilter.doFilterInternal(RequestContextFilter.java:100) ~[spring-web-6.2.12.jar:6.2.12]
	at org.springframework.web.filter.OncePerRequestFilter.doFilter(OncePerRequestFilter.java:116) ~[spring-web-6.2.12.jar:6.2.12]
	at org.apache.catalina.core.ApplicationFilterChain.internalDoFilter(ApplicationFilterChain.java:162) ~[tomcat-embed-core-10.1.48.jar:10.1.48]
	at org.apache.catalina.core.ApplicationFilterChain.doFilter(ApplicationFilterChain.java:138) ~[tomcat-embed-core-10.1.48.jar:10.1.48]
	at org.springframework.web.filter.FormContentFilter.doFilterInternal(FormContentFilter.java:93) ~[spring-web-6.2.12.jar:6.2.12]
	at org.springframework.web.filter.OncePerRequestFilter.doFilter(OncePerRequestFilter.java:116) ~[spring-web-6.2.12.jar:6.2.12]
	at org.apache.catalina.core.ApplicationFilterChain.internalDoFilter(ApplicationFilterChain.java:162) ~[tomcat-embed-core-10.1.48.jar:10.1.48]
	at org.apache.catalina.core.ApplicationFilterChain.doFilter(ApplicationFilterChain.java:138) ~[tomcat-embed-core-10.1.48.jar:10.1.48]
	at org.springframework.web.filter.ServerHttpObservationFilter.doFilterInternal(ServerHttpObservationFilter.java:110) ~[spring-web-6.2.12.jar:6.2.12]
	at org.springframework.web.filter.OncePerRequestFilter.doFilter(OncePerRequestFilter.java:116) ~[spring-web-6.2.12.jar:6.2.12]
	at org.apache.catalina.core.ApplicationFilterChain.internalDoFilter(ApplicationFilterChain.java:162) ~[tomcat-embed-core-10.1.48.jar:10.1.48]
	at org.apache.catalina.core.ApplicationFilterChain.doFilter(ApplicationFilterChain.java:138) ~[tomcat-embed-core-10.1.48.jar:10.1.48]
	at org.springframework.web.filter.CharacterEncodingFilter.doFilterInternal(CharacterEncodingFilter.java:201) ~[spring-web-6.2.12.jar:6.2.12]
	at org.springframework.web.filter.OncePerRequestFilter.doFilter(OncePerRequestFilter.java:116) ~[spring-web-6.2.12.jar:6.2.12]
	at org.apache.catalina.core.ApplicationFilterChain.internalDoFilter(ApplicationFilterChain.java:162) ~[tomcat-embed-core-10.1.48.jar:10.1.48]
	at org.apache.catalina.core.ApplicationFilterChain.doFilter(ApplicationFilterChain.java:138) ~[tomcat-embed-core-10.1.48.jar:10.1.48]
	at org.apache.catalina.core.StandardWrapperValve.invoke(StandardWrapperValve.java:165) ~[tomcat-embed-core-10.1.48.jar:10.1.48]
	at org.apache.catalina.core.StandardContextValve.invoke(StandardContextValve.java:88) ~[tomcat-embed-core-10.1.48.jar:10.1.48]
	at org.apache.catalina.authenticator.AuthenticatorBase.invoke(AuthenticatorBase.java:482) ~[tomcat-embed-core-10.1.48.jar:10.1.48]
	at org.apache.catalina.core.StandardHostValve.invoke(StandardHostValve.java:113) ~[tomcat-embed-core-10.1.48.jar:10.1.48]
	at org.apache.catalina.valves.ErrorReportValve.invoke(ErrorReportValve.java:83) ~[tomcat-embed-core-10.1.48.jar:10.1.48]
	at org.apache.catalina.core.StandardEngineValve.invoke(StandardEngineValve.java:72) ~[tomcat-embed-core-10.1.48.jar:10.1.48]
	at org.apache.catalina.connector.CoyoteAdapter.service(CoyoteAdapter.java:342) ~[tomcat-embed-core-10.1.48.jar:10.1.48]
	at org.apache.coyote.http11.Http11Processor.service(Http11Processor.java:399) ~[tomcat-embed-core-10.1.48.jar:10.1.48]
	at org.apache.coyote.AbstractProcessorLight.process(AbstractProcessorLight.java:63) ~[tomcat-embed-core-10.1.48.jar:10.1.48]
	at org.apache.coyote.AbstractProtocol$ConnectionHandler.process(AbstractProtocol.java:903) ~[tomcat-embed-core-10.1.48.jar:10.1.48]
	at org.apache.tomcat.util.net.NioEndpoint$SocketProcessor.doRun(NioEndpoint.java:1774) ~[tomcat-embed-core-10.1.48.jar:10.1.48]
	at org.apache.tomcat.util.net.SocketProcessorBase.run(SocketProcessorBase.java:52) ~[tomcat-embed-core-10.1.48.jar:10.1.48]
	at org.apache.tomcat.util.threads.ThreadPoolExecutor.runWorker(ThreadPoolExecutor.java:973) ~[tomcat-embed-core-10.1.48.jar:10.1.48]
	at org.apache.tomcat.util.threads.ThreadPoolExecutor$Worker.run(ThreadPoolExecutor.java:491) ~[tomcat-embed-core-10.1.48.jar:10.1.48]
	at org.apache.tomcat.util.threads.TaskThread$WrappingRunnable.run(TaskThread.java:63) ~[tomcat-embed-core-10.1.48.jar:10.1.48]
	at java.base/java.lang.Thread.run(Thread.java:1474) ~[na:na]

]]></system-out>
  </testcase>
  <testcase name="shouldUpdateMovie" classname="com.moviecat.integration.MovieControllerIntegrationTest" time="0.042">
    <system-out><![CDATA[2025-11-10T15:37:00.364+01:00  INFO 1860920 --- [movie-catalog] [o-auto-1-exec-5] com.moviecat.service.MovieService        : Adding new movie: Original Title
2025-11-10T15:37:00.370+01:00  INFO 1860920 --- [movie-catalog] [o-auto-1-exec-5] com.moviecat.service.MovieService        : Movie added successfully with id: 6911f88ccfeab7de3418accb
2025-11-10T15:37:00.376+01:00  INFO 1860920 --- [movie-catalog] [o-auto-1-exec-6] com.moviecat.service.MovieService        : Updating movie: 6911f88ccfeab7de3418accb
2025-11-10T15:37:00.382+01:00  INFO 1860920 --- [movie-catalog] [o-auto-1-exec-6] com.moviecat.service.MovieService        : Movie updated successfully: 6911f88ccfeab7de3418accb
2025-11-10T15:37:00.386+01:00  INFO 1860920 --- [movie-catalog] [o-auto-1-exec-7] com.moviecat.service.MovieService        : Getting movie by id: 6911f88ccfeab7de3418accb
]]></system-out>
  </testcase>
  <testcase name="shouldCreateMovie" classname="com.moviecat.integration.MovieControllerIntegrationTest" time="0.017">
    <system-out><![CDATA[2025-11-10T15:37:00.401+01:00  INFO 1860920 --- [movie-catalog] [o-auto-1-exec-8] com.moviecat.service.MovieService        : Adding new movie: Inception
2025-11-10T15:37:00.406+01:00  INFO 1860920 --- [movie-catalog] [o-auto-1-exec-8] com.moviecat.service.MovieService        : Movie added successfully with id: 6911f88ccfeab7de3418accc
]]></system-out>
  </testcase>
  <testcase name="shouldWarnWhenCreatingDuplicateMovie" classname="com.moviecat.integration.MovieControllerIntegrationTest" time="0.046">
    <system-out><![CDATA[2025-11-10T15:37:00.421+01:00  INFO 1860920 --- [movie-catalog] [o-auto-1-exec-9] com.moviecat.service.MovieService        : Adding new movie: Duplicate Movie
2025-11-10T15:37:00.426+01:00  INFO 1860920 --- [movie-catalog] [o-auto-1-exec-9] com.moviecat.service.MovieService        : Movie added successfully with id: 6911f88ccfeab7de3418accd
2025-11-10T15:37:00.439+01:00  INFO 1860920 --- [movie-catalog] [-auto-1-exec-10] com.moviecat.service.MovieService        : Adding new movie: Duplicate Movie
2025-11-10T15:37:00.442+01:00  WARN 1860920 --- [movie-catalog] [-auto-1-exec-10] com.moviecat.service.MovieService        : Movie with title 'Duplicate Movie' already exists in the catalog
2025-11-10T15:37:00.445+01:00  INFO 1860920 --- [movie-catalog] [-auto-1-exec-10] com.moviecat.service.MovieService        : Movie added successfully with id: 6911f88ccfeab7de3418acce
]]></system-out>
  </testcase>
  <testcase name="shouldGetAllMovies" classname="com.moviecat.integration.MovieControllerIntegrationTest" time="0.034">
    <system-out><![CDATA[2025-11-10T15:37:00.465+01:00  INFO 1860920 --- [movie-catalog] [o-auto-1-exec-1] com.moviecat.service.MovieService        : Adding new movie: Movie 1
2025-11-10T15:37:00.470+01:00  INFO 1860920 --- [movie-catalog] [o-auto-1-exec-1] com.moviecat.service.MovieService        : Movie added successfully with id: 6911f88ccfeab7de3418accf
2025-11-10T15:37:00.475+01:00  INFO 1860920 --- [movie-catalog] [o-auto-1-exec-2] com.moviecat.service.MovieService        : Adding new movie: Movie 2
2025-11-10T15:37:00.479+01:00  INFO 1860920 --- [movie-catalog] [o-auto-1-exec-2] com.moviecat.service.MovieService        : Movie added successfully with id: 6911f88ccfeab7de3418acd0
2025-11-10T15:37:00.484+01:00  INFO 1860920 --- [movie-catalog] [o-auto-1-exec-3] com.moviecat.service.MovieService        : Getting all movies
2025-11-10T15:37:00.487+01:00  INFO 1860920 --- [movie-catalog] [o-auto-1-exec-3] com.moviecat.service.MovieService        : Found 2 movies
]]></system-out>
  </testcase>
</testsuite>