<?xml version="1.0" encoding="UTF-8"?>
<testsuite xmlns:xsi="http://www.w3.org/2001/XMLSchema-instance" xsi:noNamespaceSchemaLocation="https://maven.apache.org/surefire/maven-surefire-plugin/xsd/surefire-test-report.xsd" version="3.0.2" name="com.moviecat.integration.RecommendationControllerIntegrationTest" time="0.737" tests="7" errors="0" skipped="0" failures="0">
  <properties>
[...]
</properties>
  <testcase name="shouldReturnMixedRecommendationsFromMoviesAndSeries" classname="com.moviecat.integration.RecommendationControllerIntegrationTest" time="0.197">
    <system-out><![CDATA[2025-11-10T15:37:00.507+01:00  INFO 1860920 --- [movie-catalog] [           main] t.c.s.AnnotationConfigContextLoaderUtils : Could not detect default configuration classes for test class [com.moviecat.integration.RecommendationControllerIntegrationTest]: RecommendationControllerIntegrationTest does not declare any static, non-private, non-final, nested classes annotated with @Configuration.
2025-11-10T15:37:00.514+01:00  INFO 1860920 --- [movie-catalog] [           main] .b.t.c.SpringBootTestContextBootstrapper : Found @SpringBootConfiguration com.moviecat.MovieCatalogApplication for test class com.moviecat.integration.RecommendationControllerIntegrationTest
2025-11-10T15:37:00.533+01:00  INFO 1860920 --- [movie-catalog] [o-auto-1-exec-4] com.moviecat.service.MovieService        : Adding new movie: Test Movie
2025-11-10T15:37:00.540+01:00  INFO 1860920 --- [movie-catalog] [o-auto-1-exec-4] com.moviecat.service.MovieService        : Movie added successfully with id: 6911f88ccfeab7de3418acd1
2025-11-10T15:37:00.547+01:00  INFO 1860920 --- [movie-catalog] [o-auto-1-exec-5] com.moviecat.service.SeriesService       : Adding new series: Test Series
2025-11-10T15:37:00.553+01:00  INFO 1860920 --- [movie-catalog] [o-auto-1-exec-5] com.moviecat.service.SeriesService       : Series added successfully with id: 6911f88ccfeab7de3418acd2
2025-11-10T15:37:00.577+01:00  INFO 1860920 --- [movie-catalog] [o-auto-1-exec-6] c.m.service.RecommendationService        : Getting recommendation
2025-11-10T15:37:00.586+01:00  INFO 1860920 --- [movie-catalog] [o-auto-1-exec-6] c.m.service.RecommendationService        : Recommendation selected: Test Series (weight: 1.6931471805599454)
2025-11-10T15:37:00.596+01:00  INFO 1860920 --- [movie-catalog] [o-auto-1-exec-7] c.m.service.RecommendationService        : Getting recommendation
2025-11-10T15:37:00.605+01:00  INFO 1860920 --- [movie-catalog] [o-auto-1-exec-7] c.m.service.RecommendationService        : Recommendation selected: Test Series (weight: 1.6931471805599454)
2025-11-10T15:37:00.611+01:00  INFO 1860920 --- [movie-catalog] [o-auto-1-exec-8] c.m.service.RecommendationService        : Getting recommendation
2025-11-10T15:37:00.617+01:00  INFO 1860920 --- [movie-catalog] [o-auto-1-exec-8] c.m.service.RecommendationService        : Recommendation selected: Test Series (weight: 1.6931471805599454)
2025-11-10T15:37:00.623+01:00  INFO 1860920 --- [movie-catalog] [o-auto-1-exec-9] c.m.service.RecommendationService        : Getting recommendation
2025-11-10T15:37:00.629+01:00  INFO 1860920 --- [movie-catalog] [o-auto-1-exec-9] c.m.service.RecommendationService        : Recommendation selected: Test Movie (weight: 1.6931471805599454)
2025-11-10T15:37:00.634+01:00  INFO 1860920 --- [movie-catalog] [-auto-1-exec-10] c.m.service.RecommendationService        : Getting recommendation
2025-11-10T15:37:00.640+01:00  INFO 1860920 --- [movie-catalog] [-auto-1-exec-10] c.m.service.RecommendationService        : Recommendation selected: Test Series (weight: 1.6931471805599454)
2025-11-10T15:37:00.646+01:00  INFO 1860920 --- [movie-catalog] [o-auto-1-exec-1] c.m.service.RecommendationService        : Getting recommendation
2025-11-10T15:37:00.654+01:00  INFO 1860920 --- [movie-catalog] [o-auto-1-exec-1] c.m.service.RecommendationService        : Recommendation selected: Test Movie (weight: 1.6931471805599454)
2025-11-10T15:37:00.661+01:00  INFO 1860920 --- [movie-catalog] [o-auto-1-exec-2] c.m.service.RecommendationService        : Getting recommendation
2025-11-10T15:37:00.667+01:00  INFO 1860920 --- [movie-catalog] [o-auto-1-exec-2] c.m.service.RecommendationService        : Recommendation selected: Test Movie (weight: 1.6931471805599454)
2025-11-10T15:37:00.673+01:00  INFO 1860920 --- [movie-catalog] [o-auto-1-exec-3] c.m.service.RecommendationService        : Getting recommendation
2025-11-10T15:37:00.680+01:00  INFO 1860920 --- [movie-catalog] [o-auto-1-exec-3] c.m.service.RecommendationService        : Recommendation selected: Test Movie (weight: 1.6931471805599454)
2025-11-10T15:37:00.686+01:00  INFO 1860920 --- [movie-catalog] [o-auto-1-exec-4] c.m.service.RecommendationService        : Getting recommendation
2025-11-10T15:37:00.694+01:00  INFO 1860920 --- [movie-catalog] [o-auto-1-exec-4] c.m.service.RecommendationService        : Recommendation selected: Test Series (weight: 1.6931471805599454)
2025-11-10T15:37:00.699+01:00  INFO 1860920 --- [movie-catalog] [o-auto-1-exec-5] c.m.service.RecommendationService        : Getting recommendation
2025-11-10T15:37:00.705+01:00  INFO 1860920 --- [movie-catalog] [o-auto-1-exec-5] c.m.service.RecommendationService        : Recommendation selected: Test Series (weight: 1.6931471805599454)
]]></system-out>
  </testcase>
  <testcase name="shouldReturnRecommendationWhenSeriesExist" classname="com.moviecat.integration.RecommendationControllerIntegrationTest" time="0.04">
    <system-out><![CDATA[2025-11-10T15:37:00.732+01:00  INFO 1860920 --- [movie-catalog] [o-auto-1-exec-6] com.moviecat.service.SeriesService       : Adding new series: Test Series
2025-11-10T15:37:00.740+01:00  INFO 1860920 --- [movie-catalog] [o-auto-1-exec-6] com.moviecat.service.SeriesService       : Series added successfully with id: 6911f88ccfeab7de3418acd3
2025-11-10T15:37:00.746+01:00  INFO 1860920 --- [movie-catalog] [o-auto-1-exec-7] c.m.service.RecommendationService        : Getting recommendation
2025-11-10T15:37:00.753+01:00  INFO 1860920 --- [movie-catalog] [o-auto-1-exec-7] c.m.service.RecommendationService        : Recommendation selected: Test Series (weight: 1.6931471805599454)
]]></system-out>
  </testcase>
  <testcase name="shouldHandleEmptyCatalog" classname="com.moviecat.integration.RecommendationControllerIntegrationTest" time="0.029">
    <system-out><![CDATA[2025-11-10T15:37:00.773+01:00  INFO 1860920 --- [movie-catalog] [o-auto-1-exec-8] c.m.service.RecommendationService        : Getting recommendation
2025-11-10T15:37:00.780+01:00 ERROR 1860920 --- [movie-catalog] [o-auto-1-exec-8] o.a.c.c.C.[.[.[/].[dispatcherServlet]    : Servlet.service() for servlet [dispatcherServlet] in context with path [] threw exception [Request processing failed: java.lang.RuntimeException: No unwatched content available for recommendation] with root cause

java.lang.RuntimeException: No unwatched content available for recommendation
	at com.moviecat.service.RecommendationService.getRecommendation(RecommendationService.java:62) ~[classes/:na]
	at com.moviecat.controller.RecommendationController.getRecommendation(RecommendationController.java:26) ~[classes/:na]
	at java.base/jdk.internal.reflect.DirectMethodHandleAccessor.invoke(DirectMethodHandleAccessor.java:104) ~[na:na]
	at java.base/java.lang.reflect.Method.invoke(Method.java:565) ~[na:na]
	at org.springframework.web.method.support.InvocableHandlerMethod.doInvoke(InvocableHandlerMethod.java:258) ~[spring-web-6.2.12.jar:6.2.12]
	at org.springframework.web.method.support.InvocableHandlerMethod.invokeForRequest(InvocableHandlerMethod.java:191) ~[spring-web-6.2.12.jar:6.2.12]
	at org.springframework.web.servlet.mvc.method.annotation.ServletInvocableHandlerMethod.invokeAndHandle(ServletInvocableHandlerMethod.java:118) ~[spring-webmvc-6.2.12.jar:6.2.12]
	at org.springframework.web.servlet.mvc.method.annotation.RequestMappingHandlerAdapter.invokeHandlerMethod(RequestMappingHandlerAdapter.java:991) ~[spring-webmvc-6.2.12.jar:6.2.12]
	at org.springframework.web.servlet.mvc.method.annotation.RequestMappingHandlerAdapter.handleInternal(RequestMappingHandlerAdapter.java:896) ~[spring-webmvc-6.2.12.jar:6.2.12]
	at org.springframework.web.servlet.mvc.method.AbstractHandlerMethodAdapter.handle(AbstractHandlerMethodAdapter.java:87) ~[spring-webmvc-6.2.12.jar:6.2.12]
	at org.springframework.web.servlet.DispatcherServlet.doDispatch(DispatcherServlet.java:1089) ~[spring-webmvc-6.2.12.jar:6.2.12]
	at org.springframework.web.servlet.DispatcherServlet.doService(DispatcherServlet.java:979) ~[spring-webmvc-6.2.12.jar:6.2.12]
	at org.springframework.web.servlet.FrameworkServlet.processRequest(FrameworkServlet.java:1014) ~[spring-webmvc-6.2.12.jar:6.2.12]
	at org.springframework.web.servlet.FrameworkServlet.doGet(FrameworkServlet.java:903) ~[spring-webmvc-6.2.12.jar:6.2.12]
	at jakarta.servlet.http.HttpServlet.service(HttpServlet.java:564) ~[tomcat-embed-core-10.1.48.jar:6.0]
	at org.springframework.web.servlet.FrameworkServlet.service(FrameworkServlet.java:885) ~[spring-webmvc-6.2.12.jar:6.2.12]
	at jakarta.servlet.http.HttpServlet.service(HttpServlet.java:658) ~[tomcat-embed-core-10.1.48.jar:6.0]
	at org.apache.catalina.core.ApplicationFilterChain.internalDoFilter(ApplicationFilterChain.java:193) ~[tomcat-embed-core-10.1.48.jar:10.1.48]
	at org.apache.catalina.core.ApplicationFilterChain.doFilter(ApplicationFilterChain.java:138) ~[tomcat-embed-core-10.1.48.jar:10.1.48]
	at org.apache.tomcat.websocket.server.WsFilter.doFilter(WsFilter.java:51) ~[tomcat-embed-websocket-10.1.48.jar:10.1.48]
	at org.apache.catalina.core.ApplicationFilterChain.internalDoFilter(ApplicationFilterChain.java:162) ~[tomcat-embed-core-10.1.48.jar:10.1.48]
	at org.apache.catalina.core.ApplicationFilterChain.doFilter(ApplicationFilterChain.java:138) ~[tomcat-embed-core-10.1.48.jar:10.1.48]
	at org.springframework.web.filter.RequestContextFilter.doFilterInternal(RequestContextFilter.java:100) ~[spring-web-6.2.12.jar:6.2.12]
	at org.springframework.web.filter.OncePerRequestFilter.doFilter(OncePerRequestFilter.java:116) ~[spring-web-6.2.12.jar:6.2.12]
	at org.apache.catalina.core.ApplicationFilterChain.internalDoFilter(ApplicationFilterChain.java:162) ~[tomcat-embed-core-10.1.48.jar:10.1.48]
	at org.apache.catalina.core.ApplicationFilterChain.doFilter(ApplicationFilterChain.java:138) ~[tomcat-embed-core-10.1.48.jar:10.1.48]
	at org.springframework.web.filter.FormContentFilter.doFilterInternal(FormContentFilter.java:93) ~[spring-web-6.2.12.jar:6.2.12]
	at org.springframework.web.filter.OncePerRequestFilter.doFilter(OncePerRequestFilter.java:116) ~[spring-web-6.2.12.jar:6.2.12]
	at org.apache.catalina.core.ApplicationFilterChain.internalDoFilter(ApplicationFilterChain.java:162) ~[tomcat-embed-core-10.1.48.jar:10.1.48]
	at org.apache.catalina.core.ApplicationFilterChain.doFilter(ApplicationFilterChain.java:138) ~[tomcat-embed-core-10.1.48.jar:10.1.48]
	at org.springframework.web.filter.ServerHttpObservationFilter.doFilterInternal(ServerHttpObservationFilter.java:110) ~[spring-web-6.2.12.jar:6.2.12]
	at org.springframework.web.filter.OncePerRequestFilter.doFilter(OncePerRequestFilter.java:116) ~[spring-web-6.2.12.jar:6.2.12]
	at org.apache.catalina.core.ApplicationFilterChain.internalDoFilter(ApplicationFilterChain.java:162) ~[tomcat-embed-core-10.1.48.jar:10.1.48]
	at org.apache.catalina.core.ApplicationFilterChain.doFilter(ApplicationFilterChain.java:138) ~[tomcat-embed-core-10.1.48.jar:10.1.48]
	at org.springframework.web.filter.CharacterEncodingFilter.doFilterInternal(CharacterEncodingFilter.java:201) ~[spring-web-6.2.12.jar:6.2.12]
	at org.springframework.web.filter.OncePerRequestFilter.doFilter(OncePerRequestFilter.java:116) ~[spring-web-6.2.12.jar:6.2.12]
	at org.apache.catalina.core.ApplicationFilterChain.internalDoFilter(ApplicationFilterChain.java:162) ~[tomcat-embed-core-10.1.48.jar:10.1.48]
	at org.apache.catalina.core.ApplicationFilterChain.doFilter(ApplicationFilterChain.java:138) ~[tomcat-embed-core-10.1.48.jar:10.1.48]
	at org.apache.catalina.core.StandardWrapperValve.invoke(StandardWrapperValve.java:165) ~[tomcat-embed-core-10.1.48.jar:10.1.48]
	at org.apache.catalina.core.StandardContextValve.invoke(StandardContextValve.java:88) ~[tomcat-embed-core-10.1.48.jar:10.1.48]
	at org.apache.catalina.authenticator.AuthenticatorBase.invoke(AuthenticatorBase.java:482) ~[tomcat-embed-core-10.1.48.jar:10.1.48]
	at org.apache.catalina.core.StandardHostValve.invoke(StandardHostValve.java:113) ~[tomcat-embed-core-10.1.48.jar:10.1.48]
	at org.apache.catalina.valves.ErrorReportValve.invoke(ErrorReportValve.java:83) ~[tomcat-embed-core-10.1.48.jar:10.1.48]
	at org.apache.catalina.core.StandardEngineValve.invoke(StandardEngineValve.java:72) ~[tomcat-embed-core-10.1.48.jar:10.1.48]
	at org.apache.catalina.connector.CoyoteAdapter.service(CoyoteAdapter.java:342) ~[tomcat-embed-core-10.1.48.jar:10.1.48]
	at org.apache.coyote.http11.Http11Processor.service(Http11Processor.java:399) ~[tomcat-embed-core-10.1.48.jar:10.1.48]
	at org.apache.coyote.AbstractProcessorLight.process(AbstractProcessorLight.java:63) ~[tomcat-embed-core-10.1.48.jar:10.1.48]
	at org.apache.coyote.AbstractProtocol$ConnectionHandler.process(AbstractProtocol.java:903) ~[tomcat-embed-core-10.1.48.jar:10.1.48]
	at org.apache.tomcat.util.net.NioEndpoint$SocketProcessor.doRun(NioEndpoint.java:1774) ~[tomcat-embed-core-10.1.48.jar:10.1.48]
	at org.apache.tomcat.util.net.SocketProcessorBase.run(SocketProcessorBase.java:52) ~[tomcat-embed-core-10.1.48.jar:10.1.48]
	at org.apache.tomcat.util.threads.ThreadPoolExecutor.runWorker(ThreadPoolExecutor.java:973) ~[tomcat-embed-core-10.1.48.jar:10.1.48]
	at org.apache.tomcat.util.threads.ThreadPoolExecutor$Worker.run(ThreadPoolExecutor.java:491) ~[tomcat-embed-core-10.1.48.jar:10.1.48]
	at org.apache.tomcat.util.threads.TaskThread$WrappingRunnable.run(TaskThread.java:63) ~[tomcat-embed-core-10.1.48.jar:10.1.48]
	at java.base/java.lang.Thread.run(Thread.java:1474) ~[na:na]

]]></system-out>
  </testcase>
  <testcase name="shouldPrioritizeHighPriorityItems" classname="com.moviecat.integration.RecommendationControllerIntegrationTest" time="0.245">
    <system-out><![CDATA[2025-11-10T15:37:00.815+01:00  INFO 1860920 --- [movie-catalog] [o-auto-1-exec-9] com.moviecat.service.MovieService        : Adding new movie: Low Priority Movie
2025-11-10T15:37:00.823+01:00  INFO 1860920 --- [movie-catalog] [o-auto-1-exec-9] com.moviecat.service.MovieService        : Movie added successfully with id: 6911f88ccfeab7de3418acd4
2025-11-10T15:37:00.830+01:00  INFO 1860920 --- [movie-catalog] [-auto-1-exec-10] com.moviecat.service.MovieService        : Adding new movie: High Priority Movie
2025-11-10T15:37:00.837+01:00  INFO 1860920 --- [movie-catalog] [-auto-1-exec-10] com.moviecat.service.MovieService        : Movie added successfully with id: 6911f88ccfeab7de3418acd5
2025-11-10T15:37:00.843+01:00  INFO 1860920 --- [movie-catalog] [o-auto-1-exec-1] c.m.service.RecommendationService        : Getting recommendation
2025-11-10T15:37:00.850+01:00  INFO 1860920 --- [movie-catalog] [o-auto-1-exec-1] c.m.service.RecommendationService        : Recommendation selected: High Priority Movie (weight: 171.0078652365545)
2025-11-10T15:37:00.856+01:00  INFO 1860920 --- [movie-catalog] [o-auto-1-exec-2] c.m.service.RecommendationService        : Getting recommendation
2025-11-10T15:37:00.863+01:00  INFO 1860920 --- [movie-catalog] [o-auto-1-exec-2] c.m.service.RecommendationService        : Recommendation selected: High Priority Movie (weight: 171.0078652365545)
2025-11-10T15:37:00.868+01:00  INFO 1860920 --- [movie-catalog] [o-auto-1-exec-3] c.m.service.RecommendationService        : Getting recommendation
2025-11-10T15:37:00.873+01:00  INFO 1860920 --- [movie-catalog] [o-auto-1-exec-3] c.m.service.RecommendationService        : Recommendation selected: High Priority Movie (weight: 171.0078652365545)
2025-11-10T15:37:00.881+01:00  INFO 1860920 --- [movie-catalog] [o-auto-1-exec-4] c.m.service.RecommendationService        : Getting recommendation
2025-11-10T15:37:00.886+01:00  INFO 1860920 --- [movie-catalog] [o-auto-1-exec-4] c.m.service.RecommendationService        : Recommendation selected: High Priority Movie (weight: 171.0078652365545)
2025-11-10T15:37:00.893+01:00  INFO 1860920 --- [movie-catalog] [o-auto-1-exec-5] c.m.service.RecommendationService        : Getting recommendation
2025-11-10T15:37:00.898+01:00  INFO 1860920 --- [movie-catalog] [o-auto-1-exec-5] c.m.service.RecommendationService        : Recommendation selected: High Priority Movie (weight: 171.0078652365545)
2025-11-10T15:37:00.903+01:00  INFO 1860920 --- [movie-catalog] [o-auto-1-exec-6] c.m.service.RecommendationService        : Getting recommendation
2025-11-10T15:37:00.909+01:00  INFO 1860920 --- [movie-catalog] [o-auto-1-exec-6] c.m.service.RecommendationService        : Recommendation selected: High Priority Movie (weight: 171.0078652365545)
2025-11-10T15:37:00.914+01:00  INFO 1860920 --- [movie-catalog] [o-auto-1-exec-7] c.m.service.RecommendationService        : Getting recommendation
2025-11-10T15:37:00.921+01:00  INFO 1860920 --- [movie-catalog] [o-auto-1-exec-7] c.m.service.RecommendationService        : Recommendation selected: High Priority Movie (weight: 171.0078652365545)
2025-11-10T15:37:00.927+01:00  INFO 1860920 --- [movie-catalog] [o-auto-1-exec-8] c.m.service.RecommendationService        : Getting recommendation
2025-11-10T15:37:00.938+01:00  INFO 1860920 --- [movie-catalog] [o-auto-1-exec-8] c.m.service.RecommendationService        : Recommendation selected: High Priority Movie (weight: 171.0078652365545)
2025-11-10T15:37:00.943+01:00  INFO 1860920 --- [movie-catalog] [o-auto-1-exec-9] c.m.service.RecommendationService        : Getting recommendation
2025-11-10T15:37:00.948+01:00  INFO 1860920 --- [movie-catalog] [o-auto-1-exec-9] c.m.service.RecommendationService        : Recommendation selected: High Priority Movie (weight: 171.0078652365545)
2025-11-10T15:37:00.952+01:00  INFO 1860920 --- [movie-catalog] [-auto-1-exec-10] c.m.service.RecommendationService        : Getting recommendation
2025-11-10T15:37:00.957+01:00  INFO 1860920 --- [movie-catalog] [-auto-1-exec-10] c.m.service.RecommendationService        : Recommendation selected: High Priority Movie (weight: 171.0078652365545)
2025-11-10T15:37:00.960+01:00  INFO 1860920 --- [movie-catalog] [o-auto-1-exec-1] c.m.service.RecommendationService        : Getting recommendation
2025-11-10T15:37:00.964+01:00  INFO 1860920 --- [movie-catalog] [o-auto-1-exec-1] c.m.service.RecommendationService        : Recommendation selected: High Priority Movie (weight: 171.0078652365545)
2025-11-10T15:37:00.967+01:00  INFO 1860920 --- [movie-catalog] [o-auto-1-exec-2] c.m.service.RecommendationService        : Getting recommendation
2025-11-10T15:37:00.971+01:00  INFO 1860920 --- [movie-catalog] [o-auto-1-exec-2] c.m.service.RecommendationService        : Recommendation selected: High Priority Movie (weight: 171.0078652365545)
2025-11-10T15:37:00.975+01:00  INFO 1860920 --- [movie-catalog] [o-auto-1-exec-3] c.m.service.RecommendationService        : Getting recommendation
2025-11-10T15:37:00.979+01:00  INFO 1860920 --- [movie-catalog] [o-auto-1-exec-3] c.m.service.RecommendationService        : Recommendation selected: High Priority Movie (weight: 171.0078652365545)
2025-11-10T15:37:00.983+01:00  INFO 1860920 --- [movie-catalog] [o-auto-1-exec-4] c.m.service.RecommendationService        : Getting recommendation
2025-11-10T15:37:00.986+01:00  INFO 1860920 --- [movie-catalog] [o-auto-1-exec-4] c.m.service.RecommendationService        : Recommendation selected: High Priority Movie (weight: 171.0078652365545)
2025-11-10T15:37:00.990+01:00  INFO 1860920 --- [movie-catalog] [o-auto-1-exec-5] c.m.service.RecommendationService        : Getting recommendation
2025-11-10T15:37:00.993+01:00  INFO 1860920 --- [movie-catalog] [o-auto-1-exec-5] c.m.service.RecommendationService        : Recommendation selected: High Priority Movie (weight: 171.0078652365545)
2025-11-10T15:37:00.997+01:00  INFO 1860920 --- [movie-catalog] [o-auto-1-exec-6] c.m.service.RecommendationService        : Getting recommendation
2025-11-10T15:37:01.001+01:00  INFO 1860920 --- [movie-catalog] [o-auto-1-exec-6] c.m.service.RecommendationService        : Recommendation selected: High Priority Movie (weight: 171.0078652365545)
2025-11-10T15:37:01.004+01:00  INFO 1860920 --- [movie-catalog] [o-auto-1-exec-7] c.m.service.RecommendationService        : Getting recommendation
2025-11-10T15:37:01.007+01:00  INFO 1860920 --- [movie-catalog] [o-auto-1-exec-7] c.m.service.RecommendationService        : Recommendation selected: High Priority Movie (weight: 171.0078652365545)
2025-11-10T15:37:01.010+01:00  INFO 1860920 --- [movie-catalog] [o-auto-1-exec-8] c.m.service.RecommendationService        : Getting recommendation
2025-11-10T15:37:01.014+01:00  INFO 1860920 --- [movie-catalog] [o-auto-1-exec-8] c.m.service.RecommendationService        : Recommendation selected: High Priority Movie (weight: 171.0078652365545)
2025-11-10T15:37:01.017+01:00  INFO 1860920 --- [movie-catalog] [o-auto-1-exec-9] c.m.service.RecommendationService        : Getting recommendation
2025-11-10T15:37:01.021+01:00  INFO 1860920 --- [movie-catalog] [o-auto-1-exec-9] c.m.service.RecommendationService        : Recommendation selected: High Priority Movie (weight: 171.0078652365545)
2025-11-10T15:37:01.024+01:00  INFO 1860920 --- [movie-catalog] [-auto-1-exec-10] c.m.service.RecommendationService        : Getting recommendation
2025-11-10T15:37:01.028+01:00  INFO 1860920 --- [movie-catalog] [-auto-1-exec-10] c.m.service.RecommendationService        : Recommendation selected: High Priority Movie (weight: 171.0078652365545)
]]></system-out>
  </testcase>
  <testcase name="shouldReturnRecommendationWhenMoviesExist" classname="com.moviecat.integration.RecommendationControllerIntegrationTest" time="0.027">
    <system-out><![CDATA[2025-11-10T15:37:01.046+01:00  INFO 1860920 --- [movie-catalog] [o-auto-1-exec-1] com.moviecat.service.MovieService        : Adding new movie: Test Movie
2025-11-10T15:37:01.052+01:00  INFO 1860920 --- [movie-catalog] [o-auto-1-exec-1] com.moviecat.service.MovieService        : Movie added successfully with id: 6911f88dcfeab7de3418acd6
2025-11-10T15:37:01.056+01:00  INFO 1860920 --- [movie-catalog] [o-auto-1-exec-2] c.m.service.RecommendationService        : Getting recommendation
2025-11-10T15:37:01.062+01:00  INFO 1860920 --- [movie-catalog] [o-auto-1-exec-2] c.m.service.RecommendationService        : Recommendation selected: Test Movie (weight: 1.6931471805599454)
]]></system-out>
  </testcase>
  <testcase name="shouldReturnRandomRecommendationFromMultipleItems" classname="com.moviecat.integration.RecommendationControllerIntegrationTest" time="0.14">
    <system-out><![CDATA[2025-11-10T15:37:01.077+01:00  INFO 1860920 --- [movie-catalog] [o-auto-1-exec-3] com.moviecat.service.MovieService        : Adding new movie: Movie 1
2025-11-10T15:37:01.083+01:00  INFO 1860920 --- [movie-catalog] [o-auto-1-exec-3] com.moviecat.service.MovieService        : Movie added successfully with id: 6911f88dcfeab7de3418acd7
2025-11-10T15:37:01.088+01:00  INFO 1860920 --- [movie-catalog] [o-auto-1-exec-4] com.moviecat.service.MovieService        : Adding new movie: Movie 2
2025-11-10T15:37:01.093+01:00  INFO 1860920 --- [movie-catalog] [o-auto-1-exec-4] com.moviecat.service.MovieService        : Movie added successfully with id: 6911f88dcfeab7de3418acd8
2025-11-10T15:37:01.099+01:00  INFO 1860920 --- [movie-catalog] [o-auto-1-exec-5] com.moviecat.service.MovieService        : Adding new movie: Movie 3
2025-11-10T15:37:01.103+01:00  INFO 1860920 --- [movie-catalog] [o-auto-1-exec-5] com.moviecat.service.MovieService        : Movie added successfully with id: 6911f88dcfeab7de3418acd9
2025-11-10T15:37:01.107+01:00  INFO 1860920 --- [movie-catalog] [o-auto-1-exec-6] com.moviecat.service.MovieService        : Adding new movie: Movie 4
2025-11-10T15:37:01.112+01:00  INFO 1860920 --- [movie-catalog] [o-auto-1-exec-6] com.moviecat.service.MovieService        : Movie added successfully with id: 6911f88dcfeab7de3418acda
2025-11-10T15:37:01.117+01:00  INFO 1860920 --- [movie-catalog] [o-auto-1-exec-7] com.moviecat.service.MovieService        : Adding new movie: Movie 5
2025-11-10T15:37:01.121+01:00  INFO 1860920 --- [movie-catalog] [o-auto-1-exec-7] com.moviecat.service.MovieService        : Movie added successfully with id: 6911f88dcfeab7de3418acdb
2025-11-10T15:37:01.125+01:00  INFO 1860920 --- [movie-catalog] [o-auto-1-exec-8] c.m.service.RecommendationService        : Getting recommendation
2025-11-10T15:37:01.130+01:00  INFO 1860920 --- [movie-catalog] [o-auto-1-exec-8] c.m.service.RecommendationService        : Recommendation selected: Movie 4 (weight: 1.6931471805599454)
2025-11-10T15:37:01.135+01:00  INFO 1860920 --- [movie-catalog] [o-auto-1-exec-9] c.m.service.RecommendationService        : Getting recommendation
2025-11-10T15:37:01.139+01:00  INFO 1860920 --- [movie-catalog] [o-auto-1-exec-9] c.m.service.RecommendationService        : Recommendation selected: Movie 2 (weight: 1.6931471805599454)
2025-11-10T15:37:01.142+01:00  INFO 1860920 --- [movie-catalog] [-auto-1-exec-10] c.m.service.RecommendationService        : Getting recommendation
2025-11-10T15:37:01.145+01:00  INFO 1860920 --- [movie-catalog] [-auto-1-exec-10] c.m.service.RecommendationService        : Recommendation selected: Movie 1 (weight: 1.6931471805599454)
2025-11-10T15:37:01.149+01:00  INFO 1860920 --- [movie-catalog] [o-auto-1-exec-1] c.m.service.RecommendationService        : Getting recommendation
2025-11-10T15:37:01.154+01:00  INFO 1860920 --- [movie-catalog] [o-auto-1-exec-1] c.m.service.RecommendationService        : Recommendation selected: Movie 1 (weight: 1.6931471805599454)
2025-11-10T15:37:01.159+01:00  INFO 1860920 --- [movie-catalog] [o-auto-1-exec-2] c.m.service.RecommendationService        : Getting recommendation
2025-11-10T15:37:01.164+01:00  INFO 1860920 --- [movie-catalog] [o-auto-1-exec-2] c.m.service.RecommendationService        : Recommendation selected: Movie 2 (weight: 1.6931471805599454)
2025-11-10T15:37:01.168+01:00  INFO 1860920 --- [movie-catalog] [o-auto-1-exec-3] c.m.service.RecommendationService        : Getting recommendation
2025-11-10T15:37:01.174+01:00  INFO 1860920 --- [movie-catalog] [o-auto-1-exec-3] c.m.service.RecommendationService        : Recommendation selected: Movie 3 (weight: 1.6931471805599454)
2025-11-10T15:37:01.177+01:00  INFO 1860920 --- [movie-catalog] [o-auto-1-exec-4] c.m.service.RecommendationService        : Getting recommendation
2025-11-10T15:37:01.181+01:00  INFO 1860920 --- [movie-catalog] [o-auto-1-exec-4] c.m.service.RecommendationService        : Recommendation selected: Movie 1 (weight: 1.6931471805599454)
2025-11-10T15:37:01.184+01:00  INFO 1860920 --- [movie-catalog] [o-auto-1-exec-5] c.m.service.RecommendationService        : Getting recommendation
2025-11-10T15:37:01.189+01:00  INFO 1860920 --- [movie-catalog] [o-auto-1-exec-5] c.m.service.RecommendationService        : Recommendation selected: Movie 5 (weight: 1.6931471805599454)
2025-11-10T15:37:01.192+01:00  INFO 1860920 --- [movie-catalog] [o-auto-1-exec-6] c.m.service.RecommendationService        : Getting recommendation
2025-11-10T15:37:01.196+01:00  INFO 1860920 --- [movie-catalog] [o-auto-1-exec-6] c.m.service.RecommendationService        : Recommendation selected: Movie 5 (weight: 1.6931471805599454)
2025-11-10T15:37:01.199+01:00  INFO 1860920 --- [movie-catalog] [o-auto-1-exec-7] c.m.service.RecommendationService        : Getting recommendation
2025-11-10T15:37:01.202+01:00  INFO 1860920 --- [movie-catalog] [o-auto-1-exec-7] c.m.service.RecommendationService        : Recommendation selected: Movie 4 (weight: 1.6931471805599454)
]]></system-out>
  </testcase>
  <testcase name="shouldIncludeLinkInRecommendation" classname="com.moviecat.integration.RecommendationControllerIntegrationTest" time="0.024">
    <system-out><![CDATA[2025-11-10T15:37:01.216+01:00  INFO 1860920 --- [movie-catalog] [o-auto-1-exec-8] com.moviecat.service.MovieService        : Adding new movie: Linked Movie
2025-11-10T15:37:01.220+01:00  INFO 1860920 --- [movie-catalog] [o-auto-1-exec-8] com.moviecat.service.MovieService        : Movie added successfully with id: 6911f88dcfeab7de3418acdc
2025-11-10T15:37:01.224+01:00  INFO 1860920 --- [movie-catalog] [o-auto-1-exec-9] c.m.service.RecommendationService        : Getting recommendation
2025-11-10T15:37:01.229+01:00  INFO 1860920 --- [movie-catalog] [o-auto-1-exec-9] c.m.service.RecommendationService        : Recommendation selected: Linked Movie (weight: 1.6931471805599454)
]]></system-out>
  </testcase>
</testsuite>