<?xml version="1.0" encoding="UTF-8"?>
<testsuite xmlns:xsi="http://www.w3.org/2001/XMLSchema-instance" xsi:noNamespaceSchemaLocation="https://maven.apache.org/surefire/maven-surefire-plugin/xsd/surefire-test-report.xsd" version="3.0.2" name="com.moviecat.integration.CatalogControllerIntegrationTest" time="21.214" tests="8" errors="0" skipped="0" failures="0">
  <properties>
[...]
</properties>
  <testcase name="shouldFilterCatalogByGenre" classname="com.moviecat.integration.CatalogControllerIntegrationTest" time="4.702">
    <system-out><![CDATA[15:36:39.799 [main] INFO org.springframework.test.context.support.AnnotationConfigContextLoaderUtils -- Could not detect default configuration classes for test class [com.moviecat.integration.CatalogControllerIntegrationTest]: CatalogControllerIntegrationTest does not declare any static, non-private, non-final, nested classes annotated with @Configuration.
15:36:40.256 [main] INFO org.springframework.boot.test.context.SpringBootTestContextBootstrapper -- Found @SpringBootConfiguration com.moviecat.MovieCatalogApplication for test class com.moviecat.integration.CatalogControllerIntegrationTest

  .   ____          _            __ _ _
 /\\ / ___'_ __ _ _(_)_ __  __ _ \ \ \ \
( ( )\___ | '_ | '_| | '_ \/ _` | \ \ \ \
 \\/  ___)| |_)| | | | | || (_| |  ) ) ) )
  '  |____| .__|_| |_|_| |_\__, | / / / /
 =========|_|==============|___/=/_/_/_/

 :: Spring Boot ::                (v3.5.7)

2025-11-10T15:36:41.576+01:00  INFO 1860920 --- [movie-catalog] [           main] c.m.i.CatalogControllerIntegrationTest   : Starting CatalogControllerIntegrationTest using Java 25 with PID 1860920 (started by ksuvorau in /mnt/c/Users/k.suvorau/CopilotProjects/movie-catalog)
2025-11-10T15:36:41.579+01:00 DEBUG 1860920 --- [movie-catalog] [           main] c.m.i.CatalogControllerIntegrationTest   : Running with Spring Boot v3.5.7, Spring v6.2.12
2025-11-10T15:36:41.579+01:00  INFO 1860920 --- [movie-catalog] [           main] c.m.i.CatalogControllerIntegrationTest   : No active profile set, falling back to 1 default profile: "default"
2025-11-10T15:36:45.392+01:00  INFO 1860920 --- [movie-catalog] [           main] .s.d.r.c.RepositoryConfigurationDelegate : Bootstrapping Spring Data MongoDB repositories in DEFAULT mode.
2025-11-10T15:36:46.112+01:00  INFO 1860920 --- [movie-catalog] [           main] .s.d.r.c.RepositoryConfigurationDelegate : Finished Spring Data repository scanning in 700 ms. Found 3 MongoDB repository interfaces.
2025-11-10T15:36:47.244+01:00  INFO 1860920 --- [movie-catalog] [           main] o.s.b.w.embedded.tomcat.TomcatWebServer  : Tomcat initialized with port 0 (http)
2025-11-10T15:36:47.283+01:00  INFO 1860920 --- [movie-catalog] [           main] o.apache.catalina.core.StandardService   : Starting service [Tomcat]
2025-11-10T15:36:47.283+01:00  INFO 1860920 --- [movie-catalog] [           main] o.apache.catalina.core.StandardEngine    : Starting Servlet engine: [Apache Tomcat/10.1.48]
2025-11-10T15:36:47.446+01:00  INFO 1860920 --- [movie-catalog] [           main] o.a.c.c.C.[Tomcat].[localhost].[/]       : Initializing Spring embedded WebApplicationContext
2025-11-10T15:36:47.447+01:00  INFO 1860920 --- [movie-catalog] [           main] w.s.c.ServletWebServerApplicationContext : Root WebApplicationContext: initialization completed in 5810 ms
2025-11-10T15:36:48.987+01:00  INFO 1860920 --- [movie-catalog] [           main] org.mongodb.driver.client                : MongoClient with metadata {"driver": {"name": "mongo-java-driver|sync|spring-boot", "version": "5.5.2"}, "os": {"type": "Linux", "name": "Linux", "architecture": "amd64", "version": "6.6.87.2-microsoft-standard-WSL2"}, "platform": "Java/Oracle Corporation/25+36-3489"} created with settings MongoClientSettings{readPreference=primary, writeConcern=WriteConcern{w=null, wTimeout=null ms, journal=null}, retryWrites=true, retryReads=true, readConcern=ReadConcern{level=null}, credential=null, transportSettings=null, commandListeners=[io.micrometer.core.instrument.binder.mongodb.MongoMetricsCommandListener@20fcea37], codecRegistry=ProvidersCodecRegistry{codecProviders=[ValueCodecProvider{}, BsonValueCodecProvider{}, DBRefCodecProvider{}, DBObjectCodecProvider{}, DocumentCodecProvider{}, CollectionCodecProvider{}, IterableCodecProvider{}, MapCodecProvider{}, GeoJsonCodecProvider{}, GridFSFileCodecProvider{}, Jsr310CodecProvider{}, JsonObjectCodecProvider{}, BsonCodecProvider{}, EnumCodecProvider{}, com.mongodb.client.model.mql.ExpressionCodecProvider@57f2e67, com.mongodb.Jep395RecordCodecProvider@4571cebe, com.mongodb.KotlinCodecProvider@154864f8]}, loggerSettings=LoggerSettings{maxDocumentLength=1000}, clusterSettings={hosts=[localhost:27017], srvServiceName=mongodb, mode=SINGLE, requiredClusterType=UNKNOWN, requiredReplicaSetName='null', serverSelector='null', clusterListeners='[]', serverSelectionTimeout='30000 ms', localThreshold='15 ms'}, socketSettings=SocketSettings{connectTimeoutMS=10000, readTimeoutMS=0, receiveBufferSize=0, proxySettings=ProxySettings{host=null, port=null, username=null, password=null}}, heartbeatSocketSettings=SocketSettings{connectTimeoutMS=10000, readTimeoutMS=10000, receiveBufferSize=0, proxySettings=ProxySettings{host=null, port=null, username=null, password=null}}, connectionPoolSettings=ConnectionPoolSettings{maxSize=100, minSize=0, maxWaitTimeMS=120000, maxConnectionLifeTimeMS=0, maxConnectionIdleTimeMS=0, maintenanceInitialDelayMS=0, maintenanceFrequencyMS=60000, connectionPoolListeners=[io.micrometer.core.instrument.binder.mongodb.MongoMetricsConnectionPoolListener@15e8c040], maxConnecting=2}, serverSettings=ServerSettings{heartbeatFrequencyMS=10000, minHeartbeatFrequencyMS=500, serverMonitoringMode=AUTO, serverListeners='[]', serverMonitorListeners='[]'}, sslSettings=SslSettings{enabled=false, invalidHostNameAllowed=false, context=null}, applicationName='null', compressorList=[], uuidRepresentation=JAVA_LEGACY, serverApi=null, autoEncryptionSettings=null, dnsClient=null, inetAddressResolver=null, contextProvider=null, timeoutMS=null}
2025-11-10T15:36:49.036+01:00  INFO 1860920 --- [movie-catalog] [localhost:27017] org.mongodb.driver.cluster               : Monitor thread successfully connected to server with description ServerDescription{address=localhost:27017, type=STANDALONE, cryptd=false, state=CONNECTED, ok=true, minWireVersion=0, maxWireVersion=27, maxDocumentSize=16777216, logicalSessionTimeoutMinutes=30, roundTripTimeNanos=98739587, minRoundTripTimeNanos=0}
2025-11-10T15:36:51.189+01:00  INFO 1860920 --- [movie-catalog] [           main] o.s.v.b.OptionalValidatorFactoryBean     : Failed to set up a Bean Validation provider: jakarta.validation.NoProviderFoundException: Unable to create a Configuration, because no Jakarta Bean Validation provider could be found. Add a provider like Hibernate Validator (RI) to your classpath.
2025-11-10T15:36:54.904+01:00  INFO 1860920 --- [movie-catalog] [           main] o.s.b.a.e.web.EndpointLinksResolver      : Exposing 3 endpoints beneath base path '/actuator'
2025-11-10T15:36:55.179+01:00  INFO 1860920 --- [movie-catalog] [           main] o.s.b.w.embedded.tomcat.TomcatWebServer  : Tomcat started on port 42609 (http) with context path '/'
2025-11-10T15:36:55.213+01:00  INFO 1860920 --- [movie-catalog] [           main] c.m.i.CatalogControllerIntegrationTest   : Started CatalogControllerIntegrationTest in 14.811 seconds (process running for 19.231)
2025-11-10T15:36:59.183+01:00  INFO 1860920 --- [movie-catalog] [o-auto-1-exec-1] o.a.c.c.C.[Tomcat].[localhost].[/]       : Initializing Spring DispatcherServlet 'dispatcherServlet'
2025-11-10T15:36:59.184+01:00  INFO 1860920 --- [movie-catalog] [o-auto-1-exec-1] o.s.web.servlet.DispatcherServlet        : Initializing Servlet 'dispatcherServlet'
2025-11-10T15:36:59.185+01:00  INFO 1860920 --- [movie-catalog] [o-auto-1-exec-1] o.s.web.servlet.DispatcherServlet        : Completed initialization in 1 ms
2025-11-10T15:36:59.397+01:00  INFO 1860920 --- [movie-catalog] [o-auto-1-exec-1] com.moviecat.service.MovieService        : Adding new movie: Sci-Fi Movie
2025-11-10T15:36:59.659+01:00  INFO 1860920 --- [movie-catalog] [o-auto-1-exec-1] com.moviecat.service.MovieService        : Movie added successfully with id: 6911f88bcfeab7de3418acb8
2025-11-10T15:36:59.796+01:00  INFO 1860920 --- [movie-catalog] [o-auto-1-exec-2] com.moviecat.service.MovieService        : Adding new movie: Drama Movie
2025-11-10T15:36:59.802+01:00  INFO 1860920 --- [movie-catalog] [o-auto-1-exec-2] com.moviecat.service.MovieService        : Movie added successfully with id: 6911f88bcfeab7de3418acb9
2025-11-10T15:36:59.828+01:00  INFO 1860920 --- [movie-catalog] [o-auto-1-exec-3] com.moviecat.service.CatalogService      : Getting catalog with filters - contentType: null, genre: Sci-Fi, watchStatus: null, addedBy: null, hasNewSeasons: null, seriesStatus: null, sortBy: null
2025-11-10T15:36:59.879+01:00  INFO 1860920 --- [movie-catalog] [o-auto-1-exec-3] com.moviecat.service.CatalogService      : Returning 1 catalog items
]]></system-out>
    <system-err><![CDATA[Mockito is currently self-attaching to enable the inline-mock-maker. This will no longer work in future releases of the JDK. Please add Mockito as an agent to your build as described in Mockito's documentation: https://javadoc.io/doc/org.mockito/mockito-core/latest/org.mockito/org/mockito/Mockito.html#0.3
WARNING: A Java agent has been loaded dynamically (/home/ksuvorau/.m2/repository/net/bytebuddy/byte-buddy-agent/1.17.8/byte-buddy-agent-1.17.8.jar)
WARNING: If a serviceability tool is in use, please run with -XX:+EnableDynamicAgentLoading to hide this warning
WARNING: If a serviceability tool is not in use, please run with -Djdk.instrument.traceUsage for more information
WARNING: Dynamic loading of agents will be disallowed by default in a future release
]]></system-err>
  </testcase>
  <testcase name="shouldGetCombinedCatalog" classname="com.moviecat.integration.CatalogControllerIntegrationTest" time="0.077">
    <system-out><![CDATA[2025-11-10T15:37:00.154+01:00  INFO 1860920 --- [movie-catalog] [o-auto-1-exec-4] com.moviecat.service.MovieService        : Adding new movie: Test Movie
2025-11-10T15:37:00.159+01:00  INFO 1860920 --- [movie-catalog] [o-auto-1-exec-4] com.moviecat.service.MovieService        : Movie added successfully with id: 6911f88ccfeab7de3418acba
2025-11-10T15:37:00.166+01:00  INFO 1860920 --- [movie-catalog] [o-auto-1-exec-5] com.moviecat.service.SeriesService       : Adding new series: Test Series
2025-11-10T15:37:00.180+01:00  INFO 1860920 --- [movie-catalog] [o-auto-1-exec-5] com.moviecat.service.SeriesService       : Series added successfully with id: 6911f88ccfeab7de3418acbb
2025-11-10T15:37:00.196+01:00  INFO 1860920 --- [movie-catalog] [o-auto-1-exec-6] com.moviecat.service.CatalogService      : Getting catalog with filters - contentType: null, genre: null, watchStatus: null, addedBy: null, hasNewSeasons: null, seriesStatus: null, sortBy: null
2025-11-10T15:37:00.208+01:00  INFO 1860920 --- [movie-catalog] [o-auto-1-exec-6] com.moviecat.service.CatalogService      : Returning 2 catalog items
]]></system-out>
  </testcase>
  <testcase name="shouldSearchCatalogByGenre" classname="com.moviecat.integration.CatalogControllerIntegrationTest" time="0.038">
    <system-out><![CDATA[2025-11-10T15:37:00.226+01:00  INFO 1860920 --- [movie-catalog] [o-auto-1-exec-7] com.moviecat.service.MovieService        : Adding new movie: Generic Title
2025-11-10T15:37:00.233+01:00  INFO 1860920 --- [movie-catalog] [o-auto-1-exec-7] com.moviecat.service.MovieService        : Movie added successfully with id: 6911f88ccfeab7de3418acbc
2025-11-10T15:37:00.239+01:00  INFO 1860920 --- [movie-catalog] [o-auto-1-exec-8] com.moviecat.service.CatalogService      : Searching catalog with query: western
2025-11-10T15:37:00.247+01:00  INFO 1860920 --- [movie-catalog] [o-auto-1-exec-8] com.moviecat.service.CatalogService      : Found 1 matching items
]]></system-out>
  </testcase>
  <testcase name="shouldFilterCatalogByContentType" classname="com.moviecat.integration.CatalogControllerIntegrationTest" time="0.05">
    <system-out><![CDATA[2025-11-10T15:37:00.270+01:00  INFO 1860920 --- [movie-catalog] [o-auto-1-exec-9] com.moviecat.service.MovieService        : Adding new movie: Movie Only
2025-11-10T15:37:00.276+01:00  INFO 1860920 --- [movie-catalog] [o-auto-1-exec-9] com.moviecat.service.MovieService        : Movie added successfully with id: 6911f88ccfeab7de3418acbd
2025-11-10T15:37:00.284+01:00  INFO 1860920 --- [movie-catalog] [-auto-1-exec-10] com.moviecat.service.SeriesService       : Adding new series: Series Only
2025-11-10T15:37:00.290+01:00  INFO 1860920 --- [movie-catalog] [-auto-1-exec-10] com.moviecat.service.SeriesService       : Series added successfully with id: 6911f88ccfeab7de3418acbe
2025-11-10T15:37:00.295+01:00  INFO 1860920 --- [movie-catalog] [o-auto-1-exec-1] com.moviecat.service.CatalogService      : Getting catalog with filters - contentType: MOVIE, genre: null, watchStatus: null, addedBy: null, hasNewSeasons: null, seriesStatus: null, sortBy: null
2025-11-10T15:37:00.298+01:00  INFO 1860920 --- [movie-catalog] [o-auto-1-exec-1] com.moviecat.service.CatalogService      : Returning 1 catalog items
]]></system-out>
  </testcase>
  <testcase name="shouldFilterCatalogByWatchStatus" classname="com.moviecat.integration.CatalogControllerIntegrationTest" time="0.034">
    <system-out><![CDATA[2025-11-10T15:37:00.318+01:00  INFO 1860920 --- [movie-catalog] [o-auto-1-exec-2] com.moviecat.service.MovieService        : Adding new movie: Unwatched Movie
2025-11-10T15:37:00.325+01:00  INFO 1860920 --- [movie-catalog] [o-auto-1-exec-2] com.moviecat.service.MovieService        : Movie added successfully with id: 6911f88ccfeab7de3418acbf
2025-11-10T15:37:00.331+01:00  INFO 1860920 --- [movie-catalog] [o-auto-1-exec-3] com.moviecat.service.CatalogService      : Getting catalog with filters - contentType: null, genre: null, watchStatus: UNWATCHED, addedBy: null, hasNewSeasons: null, seriesStatus: null, sortBy: null
2025-11-10T15:37:00.337+01:00  INFO 1860920 --- [movie-catalog] [o-auto-1-exec-3] com.moviecat.service.CatalogService      : Returning 1 catalog items
]]></system-out>
  </testcase>
  <testcase name="shouldSearchCatalog" classname="com.moviecat.integration.CatalogControllerIntegrationTest" time="0.042">
    <system-out><![CDATA[2025-11-10T15:37:00.354+01:00  INFO 1860920 --- [movie-catalog] [o-auto-1-exec-4] com.moviecat.service.MovieService        : Adding new movie: The Dark Knight
2025-11-10T15:37:00.360+01:00  INFO 1860920 --- [movie-catalog] [o-auto-1-exec-4] com.moviecat.service.MovieService        : Movie added successfully with id: 6911f88ccfeab7de3418acc0
2025-11-10T15:37:00.365+01:00  INFO 1860920 --- [movie-catalog] [o-auto-1-exec-5] com.moviecat.service.MovieService        : Adding new movie: Inception
2025-11-10T15:37:00.371+01:00  INFO 1860920 --- [movie-catalog] [o-auto-1-exec-5] com.moviecat.service.MovieService        : Movie added successfully with id: 6911f88ccfeab7de3418acc1
2025-11-10T15:37:00.376+01:00  INFO 1860920 --- [movie-catalog] [o-auto-1-exec-6] com.moviecat.service.CatalogService      : Searching catalog with query: Batman
2025-11-10T15:37:00.381+01:00  INFO 1860920 --- [movie-catalog] [o-auto-1-exec-6] com.moviecat.service.CatalogService      : Found 1 matching items
]]></system-out>
  </testcase>
  <testcase name="shouldSortCatalogByTitle" classname="com.moviecat.integration.CatalogControllerIntegrationTest" time="0.054">
    <system-out><![CDATA[2025-11-10T15:37:00.398+01:00  INFO 1860920 --- [movie-catalog] [o-auto-1-exec-7] com.moviecat.service.MovieService        : Adding new movie: Z Movie
2025-11-10T15:37:00.404+01:00  INFO 1860920 --- [movie-catalog] [o-auto-1-exec-7] com.moviecat.service.MovieService        : Movie added successfully with id: 6911f88ccfeab7de3418acc2
2025-11-10T15:37:00.410+01:00  INFO 1860920 --- [movie-catalog] [o-auto-1-exec-8] com.moviecat.service.MovieService        : Adding new movie: A Movie
2025-11-10T15:37:00.416+01:00  INFO 1860920 --- [movie-catalog] [o-auto-1-exec-8] com.moviecat.service.MovieService        : Movie added successfully with id: 6911f88ccfeab7de3418acc3
2025-11-10T15:37:00.420+01:00  INFO 1860920 --- [movie-catalog] [o-auto-1-exec-9] com.moviecat.service.MovieService        : Adding new movie: M Movie
2025-11-10T15:37:00.425+01:00  INFO 1860920 --- [movie-catalog] [o-auto-1-exec-9] com.moviecat.service.MovieService        : Movie added successfully with id: 6911f88ccfeab7de3418acc4
2025-11-10T15:37:00.430+01:00  INFO 1860920 --- [movie-catalog] [-auto-1-exec-10] com.moviecat.service.CatalogService      : Getting catalog with filters - contentType: null, genre: null, watchStatus: null, addedBy: null, hasNewSeasons: null, seriesStatus: null, sortBy: title
2025-11-10T15:37:00.435+01:00  INFO 1860920 --- [movie-catalog] [-auto-1-exec-10] com.moviecat.service.CatalogService      : Returning 3 catalog items
]]></system-out>
  </testcase>
  <testcase name="shouldHandleMultipleFilters" classname="com.moviecat.integration.CatalogControllerIntegrationTest" time="0.042">
    <system-out><![CDATA[2025-11-10T15:37:00.453+01:00  INFO 1860920 --- [movie-catalog] [o-auto-1-exec-1] com.moviecat.service.MovieService        : Adding new movie: Target Movie
2025-11-10T15:37:00.458+01:00  INFO 1860920 --- [movie-catalog] [o-auto-1-exec-1] com.moviecat.service.MovieService        : Movie added successfully with id: 6911f88ccfeab7de3418acc5
2025-11-10T15:37:00.464+01:00  INFO 1860920 --- [movie-catalog] [o-auto-1-exec-2] com.moviecat.service.MovieService        : Adding new movie: Other Movie
2025-11-10T15:37:00.469+01:00  INFO 1860920 --- [movie-catalog] [o-auto-1-exec-2] com.moviecat.service.MovieService        : Movie added successfully with id: 6911f88ccfeab7de3418acc6
2025-11-10T15:37:00.474+01:00  INFO 1860920 --- [movie-catalog] [o-auto-1-exec-3] com.moviecat.service.CatalogService      : Getting catalog with filters - contentType: null, genre: Action, watchStatus: null, addedBy: Alice, hasNewSeasons: null, seriesStatus: null, sortBy: null
2025-11-10T15:37:00.479+01:00  INFO 1860920 --- [movie-catalog] [o-auto-1-exec-3] com.moviecat.service.CatalogService      : Returning 1 catalog items
]]></system-out>
  </testcase>
</testsuite>